2021-09-06 20:36:24.469 [main] INFO AutoWEKAClassifier - classifier: weka.classifiers.trees.RandomForest, arguments: [-I, 10, -K, 0, -depth, 0], attribute search: null, attribute search arguments: [], attribute evaluation: null, attribute evaluation arguments: []

Options: -timeLimit 60

=== Classifier model (full training set) ===

best classifier: weka.classifiers.trees.RandomForest
arguments: [-I, 10, -K, 0, -depth, 0]
attribute search: null
attribute search arguments: []
attribute evaluation: null
attribute evaluation arguments: []
metric: errorRate
estimated errorRate: 0.0024882695862363147
training time on evaluation dataset: 6.384 seconds

You can use the chosen classifier in your own code as follows:

Classifier classifier = AbstractClassifier.forName("weka.classifiers.trees.RandomForest", new String[]{"-I", "10", "-K", "0", "-depth", "0"});
classifier.buildClassifier(instances);


Correctly Classified Instances       13997               99.5095 %
Incorrectly Classified Instances        69                0.4905 %
Kappa statistic                          0.9939
Mean absolute error                      0.0189
Root mean squared error                  0.061
Relative absolute error                 15.1561 %
Root relative squared error             24.402  %
Total Number of Instances            14066

=== Confusion Matrix ===

    a    b    c    d    e    f    g    h    i    j    k    l    m   <-- classified as
 2016    0    0    0   10    0    0    0    0    0    0    0    1 |    a = 1_Studeerkamer
    0  377    0    0    5    0    0    0    0    0    0    2    1 |    b = 2_Gang
    0    0  804    0    1    0    0    0    0    0    0    0    0 |    c = 3_Slaapkamer
    0    0    0  902   11    0    0    0    0    0    0    0    0 |    d = 4_Keuken
    1    0    0    2 5347    0    0    0    0    0    0    0    1 |    e = 5_Living room
    0    0    0    0    0  524    0    0    0    0    0    0    0 |    f = 9_Badkamer
    0    0    0    0    1    0  512    0    0    0    0    0    0 |    g = 10_Washok
    0    0    0    0    0    0    0  761    0    0    0    0    0 |    h = 11_Logeerkamer
    0    0    0    0    0    0    0    0  615    0    0    0    0 |    i = 12_Voordakkapel
    0    0    0    0    0    0    0    0    0  392    0    0    0 |    j = 13_Wc Boven
    0    0    0    0    0    0    0    1    0    0  420    0    0 |    k = 14_Gang Boven
    0    0    0    0    0    0    0    0    0    0    0  420    0 |    l = 15_Wc Beneden
    0    0    0    0   32    0    0    0    0    0    0    0  907 |    m = 16_Workshop

=== Detailed Accuracy By Class ===

                 TP Rate  FP Rate  Precision  Recall   F-Measure  MCC      ROC Area  PRC Area  Class
                 0.995    0.000    1.000      0.995    0.997      0.997    1.000     1.000     1_Studeerkamer
                 0.979    0.000    1.000      0.979    0.990      0.989    1.000     1.000     2_Gang
                 0.999    0.000    1.000      0.999    0.999      0.999    1.000     1.000     3_Slaapkamer
                 0.988    0.000    0.998      0.988    0.993      0.992    1.000     1.000     4_Keuken
                 0.999    0.007    0.989      0.999    0.994      0.990    1.000     1.000     5_Living room
                 1.000    0.000    1.000      1.000    1.000      1.000    1.000     1.000     9_Badkamer
                 0.998    0.000    1.000      0.998    0.999      0.999    1.000     1.000     10_Washok
                 1.000    0.000    0.999      1.000    0.999      0.999    1.000     1.000     11_Logeerkamer
                 1.000    0.000    1.000      1.000    1.000      1.000    1.000     1.000     12_Voordakkapel
                 1.000    0.000    1.000      1.000    1.000      1.000    1.000     1.000     13_Wc Boven
                 0.998    0.000    1.000      0.998    0.999      0.999    1.000     1.000     14_Gang Boven
                 1.000    0.000    0.995      1.000    0.998      0.998    1.000     1.000     15_Wc Beneden
                 0.966    0.000    0.997      0.966    0.981      0.980    0.999     0.994     16_Workshop
Weighted Avg.    0.995    0.003    0.995      0.995    0.995      0.993    1.000     1.000

Temporary run directories:
/var/folders/9l/fq657d0d1njckvw4_t07fqkw0000gn/T/autoweka9268036137332886027/


For better performance, try giving Auto-WEKA more time.
Tried 32 configurations; to get good results reliably you may need to allow for trying thousands of configurations.


Time taken to build model: 3160.5 seconds

Time taken to test model on training data: 2.25 seconds

=== Error on training data ===

Correctly Classified Instances       13997               99.5095 %
Incorrectly Classified Instances        69                0.4905 %
Kappa statistic                          0.9939
Mean absolute error                      0.0189
Root mean squared error                  0.061
Relative absolute error                 15.1561 %
Root relative squared error             24.402  %
Total Number of Instances            14066


=== Detailed Accuracy By Class ===

                 TP Rate  FP Rate  Precision  Recall   F-Measure  MCC      ROC Area  PRC Area  Class
                 0.995    0.000    1.000      0.995    0.997      0.997    1.000     1.000     1_Studeerkamer
                 0.979    0.000    1.000      0.979    0.990      0.989    1.000     1.000     2_Gang
                 0.999    0.000    1.000      0.999    0.999      0.999    1.000     1.000     3_Slaapkamer
                 0.988    0.000    0.998      0.988    0.993      0.992    1.000     1.000     4_Keuken
                 0.999    0.007    0.989      0.999    0.994      0.990    1.000     1.000     5_Living room
                 1.000    0.000    1.000      1.000    1.000      1.000    1.000     1.000     9_Badkamer
                 0.998    0.000    1.000      0.998    0.999      0.999    1.000     1.000     10_Washok
                 1.000    0.000    0.999      1.000    0.999      0.999    1.000     1.000     11_Logeerkamer
                 1.000    0.000    1.000      1.000    1.000      1.000    1.000     1.000     12_Voordakkapel
                 1.000    0.000    1.000      1.000    1.000      1.000    1.000     1.000     13_Wc Boven
                 0.998    0.000    1.000      0.998    0.999      0.999    1.000     1.000     14_Gang Boven
                 1.000    0.000    0.995      1.000    0.998      0.998    1.000     1.000     15_Wc Beneden
                 0.966    0.000    0.997      0.966    0.981      0.980    0.999     0.994     16_Workshop
Weighted Avg.    0.995    0.003    0.995      0.995    0.995      0.993    1.000     1.000


=== Confusion Matrix ===

    a    b    c    d    e    f    g    h    i    j    k    l    m   <-- classified as
 2016    0    0    0   10    0    0    0    0    0    0    0    1 |    a = 1_Studeerkamer
    0  377    0    0    5    0    0    0    0    0    0    2    1 |    b = 2_Gang
    0    0  804    0    1    0    0    0    0    0    0    0    0 |    c = 3_Slaapkamer
    0    0    0  902   11    0    0    0    0    0    0    0    0 |    d = 4_Keuken
    1    0    0    2 5347    0    0    0    0    0    0    0    1 |    e = 5_Living room
    0    0    0    0    0  524    0    0    0    0    0    0    0 |    f = 9_Badkamer
    0    0    0    0    1    0  512    0    0    0    0    0    0 |    g = 10_Washok
    0    0    0    0    0    0    0  761    0    0    0    0    0 |    h = 11_Logeerkamer
    0    0    0    0    0    0    0    0  615    0    0    0    0 |    i = 12_Voordakkapel
    0    0    0    0    0    0    0    0    0  392    0    0    0 |    j = 13_Wc Boven
    0    0    0    0    0    0    0    1    0    0  420    0    0 |    k = 14_Gang Boven
    0    0    0    0    0    0    0    0    0    0    0  420    0 |    l = 15_Wc Beneden
    0    0    0    0   32    0    0    0    0    0    0    0  907 |    m = 16_Workshop

Time taken to perform cross-validation: 34172.74 seconds


=== Stratified cross-validation ===

Correctly Classified Instances       13651               97.0496 %
Incorrectly Classified Instances       415                2.9504 %
Kappa statistic                          0.9636
Mean absolute error                      0.0356
Root mean squared error                  0.1278
Relative absolute error                 28.4746 %
Root relative squared error             51.1563 %
Total Number of Instances            14066


=== Detailed Accuracy By Class ===

                 TP Rate  FP Rate  Precision  Recall   F-Measure  MCC      ROC Area  PRC Area  Class
                 0.997    0.002    0.991      0.997    0.994      0.993    0.999     0.994     1_Studeerkamer
                 0.888    0.002    0.934      0.888    0.911      0.909    0.979     0.891     2_Gang
                 0.985    0.001    0.980      0.985    0.983      0.982    0.999     0.983     3_Slaapkamer
                 0.936    0.005    0.924      0.936    0.930      0.926    0.989     0.922     4_Keuken
                 0.986    0.013    0.980      0.986    0.983      0.972    0.990     0.985     5_Living room
                 0.971    0.001    0.986      0.971    0.979      0.978    0.998     0.981     9_Badkamer
                 0.889    0.004    0.905      0.889    0.897      0.893    0.983     0.879     10_Washok
                 0.982    0.002    0.959      0.982    0.970      0.968    0.997     0.967     11_Logeerkamer
                 0.984    0.000    0.998      0.984    0.991      0.991    1.000     0.995     12_Voordakkapel
                 0.995    0.001    0.975      0.995    0.985      0.984    1.000     0.984     13_Wc Boven
                 0.824    0.002    0.930      0.824    0.874      0.872    0.970     0.848     14_Gang Boven
                 0.936    0.002    0.940      0.936    0.938      0.936    0.993     0.931     15_Wc Beneden
                 0.979    0.002    0.970      0.979    0.975      0.973    0.993     0.941     16_Workshop
Weighted Avg.    0.970    0.006    0.970      0.970    0.970      0.965    0.992     0.967


=== Confusion Matrix ===

    a    b    c    d    e    f    g    h    i    j    k    l    m   <-- classified as
 2020    0    0    0    5    0    1    0    1    0    0    0    0 |    a = 1_Studeerkamer
    0  342    1    2   17    0    0    0    0    0    0   21    2 |    b = 2_Gang
    0    0  793    1    0    4    3    0    0    0    3    0    1 |    c = 3_Slaapkamer
    0    1    0  855   54    0    0    1    0    0    0    1    1 |    d = 4_Keuken
    2    5    1   59 5275    0    1    0    0    1    1    3    3 |    e = 5_Living room
    1    0    6    0    1  509    0    0    0    1    5    0    1 |    f = 9_Badkamer
    1    0    1    3    6    0  456   22    0    1   14    0    9 |    g = 10_Washok
    1    0    0    1    0    0    8  747    0    0    1    0    3 |    h = 11_Logeerkamer
    6    0    0    0    1    0    0    0  605    0    0    0    3 |    i = 12_Voordakkapel
    0    0    0    0    0    0    0    0    0  390    1    0    1 |    j = 13_Wc Boven
    7    1    7    0    5    3   34    9    0    4  347    0    4 |    k = 14_Gang Boven
    0   16    0    2    6    0    0    0    0    3    0  393    0 |    l = 15_Wc Beneden
    1    1    0    2   14    0    1    0    0    0    1    0  919 |    m = 16_Workshop
